android/app/build/intermediates/manifest_merge_blame_file/release/manifest-merger-blame-release-report.txt
1<?xml version="1.0" encoding="utf-8"?>
2<manifest xmlns:android="http://schemas.android.com/apk/res/android"
3    package="com.himanshusrecharge"
4    android:versionCode="5"
5    android:versionName="5.0" >
6
7    <uses-sdk
8        android:minSdkVersion="24"
8-->src\main\AndroidManifest.xml
9        android:targetSdkVersion="33" />
9-->src\main\AndroidManifest.xml
10
11    <uses-feature
11-->src\main\AndroidManifest.xml:5:3-7:31
12        android:name="android.hardware.usb.host"
12-->src\main\AndroidManifest.xml:6:5-45
13        android:required="true" />
13-->src\main\AndroidManifest.xml:7:5-28
14
15    <uses-permission android:name="android.permission.INTERNET" />
15-->src\main\AndroidManifest.xml:8:3-65
15-->src\main\AndroidManifest.xml:8:20-62
16    <uses-permission android:name="android.permission.ACCESS_COARSE_LOCATION" />
16-->src\main\AndroidManifest.xml:9:3-79
16-->src\main\AndroidManifest.xml:9:20-76
17    <uses-permission android:name="android.permission.ACCESS_FINE_LOCATION" />
17-->src\main\AndroidManifest.xml:10:3-77
17-->src\main\AndroidManifest.xml:10:20-74
18    <uses-permission android:name="android.permission.ACCESS_MEDIA_LOCATION" />
18-->src\main\AndroidManifest.xml:11:3-78
18-->src\main\AndroidManifest.xml:11:20-75
19    <uses-permission android:name="android.permission.READ_CONTACTS" />
19-->src\main\AndroidManifest.xml:12:3-70
19-->src\main\AndroidManifest.xml:12:20-67
20    <uses-permission android:name="android.permission.CAMERA" />
20-->src\main\AndroidManifest.xml:13:3-63
20-->src\main\AndroidManifest.xml:13:20-60
21    <uses-permission android:name="com.mantra.mfs110.rdservice.permission.signature" />
21-->src\main\AndroidManifest.xml:14:3-86
21-->src\main\AndroidManifest.xml:14:20-83
22    <uses-permission android:name="android.permission.WRITE_CONTACTS" />
22-->src\main\AndroidManifest.xml:15:3-71
22-->src\main\AndroidManifest.xml:15:20-68
23    <uses-permission android:name="android.permission.ACCESS_NETWORK_STATE" />
23-->src\main\AndroidManifest.xml:16:3-77
23-->src\main\AndroidManifest.xml:16:20-74
24    <uses-permission android:name="android.permission.WRITE_EMBEDDED_SUBSCRIPTIONS" />
24-->src\main\AndroidManifest.xml:17:3-85
24-->src\main\AndroidManifest.xml:17:20-82
25    <uses-permission android:name="android.permission.READ_PHONE_STATE" />
25-->src\main\AndroidManifest.xml:18:3-73
25-->src\main\AndroidManifest.xml:18:20-70
26    <uses-permission android:name="android.permission.READ_PHONE_NUMBERS" />
26-->src\main\AndroidManifest.xml:19:3-75
26-->src\main\AndroidManifest.xml:19:20-72
27    <uses-permission android:name="android.permission.READ_PRIVILEGED_PHONE_STATE" />
27-->src\main\AndroidManifest.xml:20:3-84
27-->src\main\AndroidManifest.xml:20:20-81
28    <uses-permission android:name="android.permission.VIBRATE" />
28-->src\main\AndroidManifest.xml:21:3-64
28-->src\main\AndroidManifest.xml:21:20-61
29    <uses-permission android:name="android.permission.READ_EXTERNAL_STORAGE" />
29-->src\main\AndroidManifest.xml:22:3-78
29-->src\main\AndroidManifest.xml:22:20-75
30    <uses-permission android:name="android.permission.WRITE_EXTERNAL_STORAGE" />
30-->src\main\AndroidManifest.xml:23:3-79
30-->src\main\AndroidManifest.xml:23:20-76
31    <uses-permission android:name="android.permission.RECEIVE_BOOT_COMPLETED" />
31-->src\main\AndroidManifest.xml:24:3-79
31-->src\main\AndroidManifest.xml:24:20-76
32    <uses-permission android:name="android.permission.POST_NOTIFICATIONS" />
32-->src\main\AndroidManifest.xml:25:3-75
32-->src\main\AndroidManifest.xml:25:20-72
33    <uses-permission android:name="android.permission.REQUEST_INSTALL_PACKAGES" />
33-->src\main\AndroidManifest.xml:26:3-81
33-->src\main\AndroidManifest.xml:26:20-78
34
35    <uses-feature
35-->src\main\AndroidManifest.xml:28:3-30:32
36        android:name="android.hardware.telephony"
36-->src\main\AndroidManifest.xml:29:5-46
37        android:required="false" />
37-->src\main\AndroidManifest.xml:30:5-29
38
39    <uses-permission android:name="android.permission.ACCESS_WIFI_STATE" />
39-->[in.payu:payu-checkout-pro-ui:1.8.2] AndroidManifest.xml:13:5-76
39-->[in.payu:payu-checkout-pro-ui:1.8.2] AndroidManifest.xml:13:22-73
40    <uses-permission android:name="android.permission.BLUETOOTH" />
40-->[in.credopay.payment.sdk:vm30-payment-sdk:3.0.20] AndroidManifest.xml:12:5-14:48
40-->[in.credopay.payment.sdk:vm30-payment-sdk:3.0.20] AndroidManifest.xml:13:9-52
41    <uses-permission android:name="android.permission.BLUETOOTH_ADMIN" /> <!-- Android12 的蓝牙权限 如果您的应用与已配对的蓝牙设备通信或者获取当前手机蓝牙是否打开 -->
41-->[in.credopay.payment.sdk:vm30-payment-sdk:3.0.20] AndroidManifest.xml:15:5-17:48
41-->[in.credopay.payment.sdk:vm30-payment-sdk:3.0.20] AndroidManifest.xml:16:9-58
42    <uses-permission android:name="android.permission.BLUETOOTH_CONNECT" /> <!-- Android12 的蓝牙权限 如果您的应用查找蓝牙设备（如蓝牙低功耗 (BLE) 外围设备） -->
42-->[in.credopay.payment.sdk:vm30-payment-sdk:3.0.20] AndroidManifest.xml:19:5-21:48
42-->[in.credopay.payment.sdk:vm30-payment-sdk:3.0.20] AndroidManifest.xml:20:9-60
43    <uses-permission
43-->[in.credopay.payment.sdk:vm30-payment-sdk:3.0.20] AndroidManifest.xml:23:5-26:31
44        android:name="android.permission.BLUETOOTH_SCAN"
44-->[in.credopay.payment.sdk:vm30-payment-sdk:3.0.20] AndroidManifest.xml:24:9-57
45        android:usesPermissionFlags="neverForLocation" /> <!-- Android12 的蓝牙权限 如果您的应用使当前设备可被其他蓝牙设备检测到 -->
45-->[in.credopay.payment.sdk:vm30-payment-sdk:3.0.20] AndroidManifest.xml:25:9-55
46    <uses-permission android:name="android.permission.BLUETOOTH_ADVERTISE" />
46-->[in.credopay.payment.sdk:vm30-payment-sdk:3.0.20] AndroidManifest.xml:28:5-30:48
46-->[in.credopay.payment.sdk:vm30-payment-sdk:3.0.20] AndroidManifest.xml:29:9-62
47
48    <uses-feature
48-->[in.credopay.payment.sdk:vm30-payment-sdk:3.0.20] AndroidManifest.xml:32:5-34:35
49        android:name="android.hardware.bluetooth"
49-->[in.credopay.payment.sdk:vm30-payment-sdk:3.0.20] AndroidManifest.xml:33:9-50
50        android:required="true" />
50-->[in.credopay.payment.sdk:vm30-payment-sdk:3.0.20] AndroidManifest.xml:34:9-32
51
52    <uses-permission android:name="android.permission.USE_BIOMETRIC" />
52-->[:react-native-biometrics] AndroidManifest.xml:9:5-72
52-->[:react-native-biometrics] AndroidManifest.xml:9:22-69
53    <uses-permission android:name="android.permission.USE_FINGERPRINT" />
53-->[:react-native-biometrics] AndroidManifest.xml:10:5-74
53-->[:react-native-biometrics] AndroidManifest.xml:10:22-71
54    <uses-permission android:name="android.permission.WAKE_LOCK" />
54-->[:react-native-firebase_messaging] AndroidManifest.xml:10:5-68
54-->[:react-native-firebase_messaging] AndroidManifest.xml:10:22-65
55
56    <uses-feature
56-->[:react-native-camera] AndroidManifest.xml:11:5-13:36
57        android:name="android.hardware.camera"
57-->[:react-native-camera] AndroidManifest.xml:12:9-47
58        android:required="false" />
58-->[:react-native-camera] AndroidManifest.xml:13:9-33
59    <uses-feature
59-->[:react-native-camera] AndroidManifest.xml:14:5-16:36
60        android:name="android.hardware.camera.autofocus"
60-->[:react-native-camera] AndroidManifest.xml:15:9-57
61        android:required="false" /> <!-- Required to access Google Play Licensing -->
61-->[:react-native-camera] AndroidManifest.xml:16:9-33
62    <uses-permission android:name="com.android.vending.CHECK_LICENSE" />
62-->[:rn-fetch-blob] AndroidManifest.xml:10:5-73
62-->[:rn-fetch-blob] AndroidManifest.xml:10:22-70
63
64    <queries>
64-->[in.payu:upisdk:1.7.2] AndroidManifest.xml:14:5-24:15
65        <intent>
65-->[in.payu:upisdk:1.7.2] AndroidManifest.xml:15:9-23:18
66            <action android:name="android.intent.action.VIEW" />
66-->[in.payu:upisdk:1.7.2] AndroidManifest.xml:16:13-65
66-->[in.payu:upisdk:1.7.2] AndroidManifest.xml:16:21-62
67
68            <category android:name="android.intent.category.BROWSABLE" />
68-->[in.payu:upisdk:1.7.2] AndroidManifest.xml:18:13-74
68-->[in.payu:upisdk:1.7.2] AndroidManifest.xml:18:23-71
69
70            <data
70-->[in.payu:upisdk:1.7.2] AndroidManifest.xml:20:13-22:40
71                android:host="pay"
71-->[in.payu:upisdk:1.7.2] AndroidManifest.xml:21:17-35
72                android:scheme="upi" />
72-->[in.payu:upisdk:1.7.2] AndroidManifest.xml:22:17-37
73        </intent>
74        <intent>
74-->[:pw_ekyc:] AndroidManifest.xml:12:9-14:18
75            <action android:name="android.intent.action.MAIN" />
75-->src\main\AndroidManifest.xml:53:9-61
75-->src\main\AndroidManifest.xml:53:17-58
76        </intent>
77    </queries> <!-- Required by older versions of Google Play services to create IID tokens -->
78    <uses-permission android:name="com.google.android.c2dm.permission.RECEIVE" />
78-->[com.google.android.gms:play-services-iid:17.0.0] AndroidManifest.xml:23:5-82
78-->[com.google.android.gms:play-services-iid:17.0.0] AndroidManifest.xml:23:22-79
79
80    <permission
80-->[androidx.core:core:1.10.1] AndroidManifest.xml:22:5-24:47
81        android:name="com.himanshusrecharge.DYNAMIC_RECEIVER_NOT_EXPORTED_PERMISSION"
81-->[androidx.core:core:1.10.1] AndroidManifest.xml:23:9-81
82        android:protectionLevel="signature" />
82-->[androidx.core:core:1.10.1] AndroidManifest.xml:24:9-44
83
84    <uses-permission android:name="com.himanshusrecharge.DYNAMIC_RECEIVER_NOT_EXPORTED_PERMISSION" />
84-->[androidx.core:core:1.10.1] AndroidManifest.xml:26:5-97
84-->[androidx.core:core:1.10.1] AndroidManifest.xml:26:22-94
85
86    <uses-feature
86-->[com.journeyapps:zxing-android-embedded:4.3.0] AndroidManifest.xml:28:5-30:36
87        android:name="android.hardware.camera.front"
87-->[com.journeyapps:zxing-android-embedded:4.3.0] AndroidManifest.xml:29:9-53
88        android:required="false" />
88-->[com.journeyapps:zxing-android-embedded:4.3.0] AndroidManifest.xml:30:9-33
89    <uses-feature
89-->[com.journeyapps:zxing-android-embedded:4.3.0] AndroidManifest.xml:36:5-38:36
90        android:name="android.hardware.camera.flash"
90-->[com.journeyapps:zxing-android-embedded:4.3.0] AndroidManifest.xml:37:9-53
91        android:required="false" />
91-->[com.journeyapps:zxing-android-embedded:4.3.0] AndroidManifest.xml:38:9-33
92    <uses-feature
92-->[com.journeyapps:zxing-android-embedded:4.3.0] AndroidManifest.xml:39:5-41:36
93        android:name="android.hardware.screen.landscape"
93-->[com.journeyapps:zxing-android-embedded:4.3.0] AndroidManifest.xml:40:9-57
94        android:required="false" />
94-->[com.journeyapps:zxing-android-embedded:4.3.0] AndroidManifest.xml:41:9-33
95    <uses-feature
95-->[com.journeyapps:zxing-android-embedded:4.3.0] AndroidManifest.xml:42:5-44:36
96        android:name="android.hardware.wifi"
96-->[com.journeyapps:zxing-android-embedded:4.3.0] AndroidManifest.xml:43:9-45
97        android:required="false" />
97-->[com.journeyapps:zxing-android-embedded:4.3.0] AndroidManifest.xml:44:9-33
98
99    <uses-permission android:name="com.google.android.finsky.permission.BIND_GET_INSTALL_REFERRER_SERVICE" /> <!-- for android -->
99-->[com.android.installreferrer:installreferrer:1.1.2] AndroidManifest.xml:9:5-110
99-->[com.android.installreferrer:installreferrer:1.1.2] AndroidManifest.xml:9:22-107
100    <!-- <uses-permission android:name="com.android.launcher.permission.READ_SETTINGS"/> -->
101    <!-- <uses-permission android:name="com.android.launcher.permission.WRITE_SETTINGS"/> -->
102    <!-- <uses-permission android:name="com.android.launcher.permission.INSTALL_SHORTCUT" /> -->
103    <!-- <uses-permission android:name="com.android.launcher.permission.UNINSTALL_SHORTCUT" /> -->
104    <!-- for Samsung -->
105    <uses-permission android:name="com.sec.android.provider.badge.permission.READ" />
105-->[me.leolin:ShortcutBadger:1.1.22] AndroidManifest.xml:19:5-86
105-->[me.leolin:ShortcutBadger:1.1.22] AndroidManifest.xml:19:22-83
106    <uses-permission android:name="com.sec.android.provider.badge.permission.WRITE" /> <!-- for htc -->
106-->[me.leolin:ShortcutBadger:1.1.22] AndroidManifest.xml:20:5-87
106-->[me.leolin:ShortcutBadger:1.1.22] AndroidManifest.xml:20:22-84
107    <uses-permission android:name="com.htc.launcher.permission.READ_SETTINGS" />
107-->[me.leolin:ShortcutBadger:1.1.22] AndroidManifest.xml:23:5-81
107-->[me.leolin:ShortcutBadger:1.1.22] AndroidManifest.xml:23:22-78
108    <uses-permission android:name="com.htc.launcher.permission.UPDATE_SHORTCUT" /> <!-- for sony -->
108-->[me.leolin:ShortcutBadger:1.1.22] AndroidManifest.xml:24:5-83
108-->[me.leolin:ShortcutBadger:1.1.22] AndroidManifest.xml:24:22-80
109    <uses-permission android:name="com.sonyericsson.home.permission.BROADCAST_BADGE" />
109-->[me.leolin:ShortcutBadger:1.1.22] AndroidManifest.xml:27:5-88
109-->[me.leolin:ShortcutBadger:1.1.22] AndroidManifest.xml:27:22-85
110    <uses-permission android:name="com.sonymobile.home.permission.PROVIDER_INSERT_BADGE" /> <!-- for apex -->
110-->[me.leolin:ShortcutBadger:1.1.22] AndroidManifest.xml:28:5-92
110-->[me.leolin:ShortcutBadger:1.1.22] AndroidManifest.xml:28:22-89
111    <uses-permission android:name="com.anddoes.launcher.permission.UPDATE_COUNT" /> <!-- for solid -->
111-->[me.leolin:ShortcutBadger:1.1.22] AndroidManifest.xml:31:5-84
111-->[me.leolin:ShortcutBadger:1.1.22] AndroidManifest.xml:31:22-81
112    <uses-permission android:name="com.majeur.launcher.permission.UPDATE_BADGE" /> <!-- for huawei -->
112-->[me.leolin:ShortcutBadger:1.1.22] AndroidManifest.xml:34:5-83
112-->[me.leolin:ShortcutBadger:1.1.22] AndroidManifest.xml:34:22-80
113    <uses-permission android:name="com.huawei.android.launcher.permission.CHANGE_BADGE" />
113-->[me.leolin:ShortcutBadger:1.1.22] AndroidManifest.xml:37:5-91
113-->[me.leolin:ShortcutBadger:1.1.22] AndroidManifest.xml:37:22-88
114    <uses-permission android:name="com.huawei.android.launcher.permission.READ_SETTINGS" />
114-->[me.leolin:ShortcutBadger:1.1.22] AndroidManifest.xml:38:5-92
114-->[me.leolin:ShortcutBadger:1.1.22] AndroidManifest.xml:38:22-89
115    <uses-permission android:name="com.huawei.android.launcher.permission.WRITE_SETTINGS" /> <!-- for ZUK -->
115-->[me.leolin:ShortcutBadger:1.1.22] AndroidManifest.xml:39:5-93
115-->[me.leolin:ShortcutBadger:1.1.22] AndroidManifest.xml:39:22-90
116    <uses-permission android:name="android.permission.READ_APP_BADGE" /> <!-- for OPPO -->
116-->[me.leolin:ShortcutBadger:1.1.22] AndroidManifest.xml:42:5-73
116-->[me.leolin:ShortcutBadger:1.1.22] AndroidManifest.xml:42:22-70
117    <uses-permission android:name="com.oppo.launcher.permission.READ_SETTINGS" />
117-->[me.leolin:ShortcutBadger:1.1.22] AndroidManifest.xml:45:5-82
117-->[me.leolin:ShortcutBadger:1.1.22] AndroidManifest.xml:45:22-79
118    <uses-permission android:name="com.oppo.launcher.permission.WRITE_SETTINGS" /> <!-- for EvMe -->
118-->[me.leolin:ShortcutBadger:1.1.22] AndroidManifest.xml:46:5-83
118-->[me.leolin:ShortcutBadger:1.1.22] AndroidManifest.xml:46:22-80
119    <uses-permission android:name="me.everything.badger.permission.BADGE_COUNT_READ" />
119-->[me.leolin:ShortcutBadger:1.1.22] AndroidManifest.xml:49:5-88
119-->[me.leolin:ShortcutBadger:1.1.22] AndroidManifest.xml:49:22-85
120    <uses-permission android:name="me.everything.badger.permission.BADGE_COUNT_WRITE" />
120-->[me.leolin:ShortcutBadger:1.1.22] AndroidManifest.xml:50:5-89
120-->[me.leolin:ShortcutBadger:1.1.22] AndroidManifest.xml:50:22-86
121
122    <application
122-->src\main\AndroidManifest.xml:32:3-69:17
123        android:name="com.himanshusrecharge.MainApplication"
123-->src\main\AndroidManifest.xml:34:5-36
124        android:allowBackup="false"
124-->src\main\AndroidManifest.xml:39:5-32
125        android:appComponentFactory="androidx.core.app.CoreComponentFactory"
125-->[androidx.core:core:1.10.1] AndroidManifest.xml:28:18-86
126        android:icon="@mipmap/ic_launcher"
126-->src\main\AndroidManifest.xml:37:5-39
127        android:label="@string/app_name"
127-->src\main\AndroidManifest.xml:35:5-37
128        android:largeHeap="true"
128-->src\main\AndroidManifest.xml:40:5-29
129        android:requestLegacyExternalStorage="true"
129-->[:pw_ekyc:] AndroidManifest.xml:19:9-52
130        android:roundIcon="@mipmap/ic_launcher_round"
130-->src\main\AndroidManifest.xml:38:5-50
131        android:supportsRtl="true"
131-->[:pw_ekyc:] AndroidManifest.xml:20:9-35
132        android:theme="@style/AppTheme"
132-->src\main\AndroidManifest.xml:41:5-36
133        android:usesCleartextTraffic="true" >
133-->src\main\AndroidManifest.xml:36:5-40
134        <activity
134-->src\main\AndroidManifest.xml:43:5-56:16
135            android:name="com.himanshusrecharge.MainActivity"
135-->src\main\AndroidManifest.xml:44:7-35
136            android:configChanges="keyboard|keyboardHidden|orientation|screenLayout|screenSize|smallestScreenSize|uiMode"
136-->src\main\AndroidManifest.xml:47:7-116
137            android:exported="true"
137-->src\main\AndroidManifest.xml:50:7-30
138            android:label="@string/app_name"
138-->src\main\AndroidManifest.xml:46:7-39
139            android:launchMode="singleTask"
139-->src\main\AndroidManifest.xml:48:7-38
140            android:screenOrientation="portrait"
140-->src\main\AndroidManifest.xml:45:7-43
141            android:theme="@style/BootTheme"
141-->src\main\AndroidManifest.xml:51:7-39
142            android:windowSoftInputMode="adjustResize" >
142-->src\main\AndroidManifest.xml:49:7-49
143            <intent-filter>
143-->src\main\AndroidManifest.xml:52:7-55:23
144                <action android:name="android.intent.action.MAIN" />
144-->src\main\AndroidManifest.xml:53:9-61
144-->src\main\AndroidManifest.xml:53:17-58
145
146                <category android:name="android.intent.category.LAUNCHER" />
146-->src\main\AndroidManifest.xml:54:9-69
146-->src\main\AndroidManifest.xml:54:19-66
147            </intent-filter>
148        </activity>
149
150        <service
150-->src\main\AndroidManifest.xml:58:5-60:34
151            android:name="com.dieam.reactnativepushnotification.modules.RNPushNotificationReceiver"
151-->src\main\AndroidManifest.xml:59:7-94
152            android:exported="false" />
152-->src\main\AndroidManifest.xml:60:7-31
153
154        <receiver
154-->src\main\AndroidManifest.xml:62:5-68:16
155            android:name="com.dieam.reactnativepushnotification.modules.RNPushNotificationReceiver"
155-->src\main\AndroidManifest.xml:63:7-94
156            android:exported="false" >
156-->src\main\AndroidManifest.xml:64:7-31
157            <intent-filter>
157-->src\main\AndroidManifest.xml:65:7-67:23
158                <action android:name="com.google.android.c2dm.intent.RECEIVE" />
158-->src\main\AndroidManifest.xml:66:9-73
158-->src\main\AndroidManifest.xml:66:17-70
159            </intent-filter>
160        </receiver>
161
162        <activity
162-->[:react-native-device-number] AndroidManifest.xml:10:9-14:20
163            android:name="com.reactlibrary.devicenumber.DeviceNumberActivity"
163-->[:react-native-device-number] AndroidManifest.xml:11:13-78
164            android:noHistory="true"
164-->[:react-native-device-number] AndroidManifest.xml:12:13-37
165            android:theme="@android:style/Theme.Dialog" >
165-->[:react-native-device-number] AndroidManifest.xml:13:13-56
166        </activity>
167        <activity
167-->[in.payu:payu-checkout-pro-ui:1.8.2] AndroidManifest.xml:18:9-20:52
168            android:name="com.payu.ui.view.activities.CheckoutActivity"
168-->[in.payu:payu-checkout-pro-ui:1.8.2] AndroidManifest.xml:19:13-72
169            android:screenOrientation="portrait" />
169-->[in.payu:payu-checkout-pro-ui:1.8.2] AndroidManifest.xml:20:13-49
170
171        <meta-data
171-->[in.payu:payu-checkout-pro-ui:1.8.2] AndroidManifest.xml:22:9-24:57
172            android:name="preloaded_fonts"
172-->[in.payu:payu-checkout-pro-ui:1.8.2] AndroidManifest.xml:23:13-43
173            android:resource="@array/preloaded_fonts" />
173-->[in.payu:payu-checkout-pro-ui:1.8.2] AndroidManifest.xml:24:13-54
174
175        <activity
175-->[in.credopay.payment.sdk:vm30-payment-sdk:3.0.20] AndroidManifest.xml:49:9-51:52
176            android:name="in.credopay.payment.sdk.BluetoothActivity"
176-->[in.credopay.payment.sdk:vm30-payment-sdk:3.0.20] AndroidManifest.xml:50:13-69
177            android:theme="@style/CredopayTheme" />
177-->[in.credopay.payment.sdk:vm30-payment-sdk:3.0.20] AndroidManifest.xml:51:13-49
178        <activity
178-->[in.credopay.payment.sdk:vm30-payment-sdk:3.0.20] AndroidManifest.xml:52:9-54:52
179            android:name="in.credopay.payment.sdk.HomeActivity"
179-->[in.credopay.payment.sdk:vm30-payment-sdk:3.0.20] AndroidManifest.xml:53:13-64
180            android:theme="@style/CredopayTheme" />
180-->[in.credopay.payment.sdk:vm30-payment-sdk:3.0.20] AndroidManifest.xml:54:13-49
181        <activity
181-->[in.credopay.payment.sdk:vm30-payment-sdk:3.0.20] AndroidManifest.xml:55:9-57:52
182            android:name="in.credopay.payment.sdk.LoginActivity"
182-->[in.credopay.payment.sdk:vm30-payment-sdk:3.0.20] AndroidManifest.xml:56:13-65
183            android:theme="@style/CredopayTheme" />
183-->[in.credopay.payment.sdk:vm30-payment-sdk:3.0.20] AndroidManifest.xml:57:13-49
184        <activity
184-->[in.credopay.payment.sdk:vm30-payment-sdk:3.0.20] AndroidManifest.xml:58:9-60:52
185            android:name="in.credopay.payment.sdk.PaymentActivity"
185-->[in.credopay.payment.sdk:vm30-payment-sdk:3.0.20] AndroidManifest.xml:59:13-67
186            android:theme="@style/CredopayTheme" />
186-->[in.credopay.payment.sdk:vm30-payment-sdk:3.0.20] AndroidManifest.xml:60:13-49
187        <activity
187-->[in.payu:payu-custom-browser:7.13.2] AndroidManifest.xml:18:9-21:63
188            android:name="com.payu.custombrowser.CBActivity"
188-->[in.payu:payu-custom-browser:7.13.2] AndroidManifest.xml:19:13-61
189            android:screenOrientation="portrait"
189-->[in.payu:payu-custom-browser:7.13.2] AndroidManifest.xml:20:13-49
190            android:windowSoftInputMode="stateAlwaysHidden" /> <!-- <activity -->
190-->[in.payu:payu-custom-browser:7.13.2] AndroidManifest.xml:21:13-60
191        <!-- android:name="com.minkasu.android.twofa.sdk.MinkasuSDKActivity" -->
192        <!-- android:configChanges="orientation|screenSize|screenLayout|keyboardHidden" /> -->
193        <meta-data
193-->[in.payu:payu-custom-browser:7.13.2] AndroidManifest.xml:26:9-28:68
194            android:name="io.sentry.uuid.com.payu.custombrowser"
194-->[in.payu:payu-custom-browser:7.13.2] AndroidManifest.xml:27:13-65
195            android:value="8abb59b6-feb9-4191-bac5-b35edf3497fc" />
195-->[in.payu:payu-custom-browser:7.13.2] AndroidManifest.xml:28:13-65
196
197        <provider
197-->[:react-native-image-picker] AndroidManifest.xml:10:9-18:20
198            android:name="com.imagepicker.ImagePickerProvider"
198-->[:react-native-image-picker] AndroidManifest.xml:11:13-63
199            android:authorities="com.himanshusrecharge.imagepickerprovider"
199-->[:react-native-image-picker] AndroidManifest.xml:12:13-71
200            android:exported="false"
200-->[:react-native-image-picker] AndroidManifest.xml:13:13-37
201            android:grantUriPermissions="true" >
201-->[:react-native-image-picker] AndroidManifest.xml:14:13-47
202            <meta-data
202-->[:react-native-image-picker] AndroidManifest.xml:15:13-17:70
203                android:name="android.support.FILE_PROVIDER_PATHS"
203-->[:react-native-image-picker] AndroidManifest.xml:16:17-67
204                android:resource="@xml/imagepicker_provider_paths" />
204-->[:react-native-image-picker] AndroidManifest.xml:17:17-67
205        </provider>
206
207        <service
207-->[:react-native-firebase_messaging] AndroidManifest.xml:14:9-16:40
208            android:name="io.invertase.firebase.messaging.ReactNativeFirebaseMessagingHeadlessService"
208-->[:react-native-firebase_messaging] AndroidManifest.xml:15:13-103
209            android:exported="false" />
209-->[:react-native-firebase_messaging] AndroidManifest.xml:16:13-37
210        <service
210-->[:react-native-firebase_messaging] AndroidManifest.xml:17:9-23:19
211            android:name="io.invertase.firebase.messaging.ReactNativeFirebaseMessagingService"
211-->[:react-native-firebase_messaging] AndroidManifest.xml:18:13-95
212            android:exported="false" >
212-->[:react-native-firebase_messaging] AndroidManifest.xml:19:13-37
213            <intent-filter>
213-->[:react-native-firebase_messaging] AndroidManifest.xml:20:13-22:29
214                <action android:name="com.google.firebase.MESSAGING_EVENT" />
214-->[:react-native-firebase_messaging] AndroidManifest.xml:21:17-78
214-->[:react-native-firebase_messaging] AndroidManifest.xml:21:25-75
215            </intent-filter>
216        </service>
217
218        <receiver
218-->[:react-native-firebase_messaging] AndroidManifest.xml:25:9-32:20
219            android:name="io.invertase.firebase.messaging.ReactNativeFirebaseMessagingReceiver"
219-->[:react-native-firebase_messaging] AndroidManifest.xml:26:13-96
220            android:exported="true"
220-->[:react-native-firebase_messaging] AndroidManifest.xml:27:13-36
221            android:permission="com.google.android.c2dm.permission.SEND" >
221-->[:react-native-firebase_messaging] AndroidManifest.xml:28:13-73
222            <intent-filter>
222-->src\main\AndroidManifest.xml:65:7-67:23
223                <action android:name="com.google.android.c2dm.intent.RECEIVE" />
223-->src\main\AndroidManifest.xml:66:9-73
223-->src\main\AndroidManifest.xml:66:17-70
224            </intent-filter>
225        </receiver>
226
227        <meta-data
227-->[:react-native-firebase_messaging] AndroidManifest.xml:34:9-36:36
228            android:name="firebase_messaging_auto_init_enabled"
228-->[:react-native-firebase_messaging] AndroidManifest.xml:35:13-64
229            android:value="true" />
229-->[:react-native-firebase_messaging] AndroidManifest.xml:36:13-33
230        <meta-data
230-->[:react-native-firebase_messaging] AndroidManifest.xml:37:9-39:32
231            android:name="com.google.firebase.messaging.default_notification_channel_id"
231-->[:react-native-firebase_messaging] AndroidManifest.xml:38:13-89
232            android:value="" />
232-->[:react-native-firebase_messaging] AndroidManifest.xml:39:13-29
233        <meta-data
233-->[:react-native-firebase_messaging] AndroidManifest.xml:40:9-42:47
234            android:name="com.google.firebase.messaging.default_notification_color"
234-->[:react-native-firebase_messaging] AndroidManifest.xml:41:13-84
235            android:resource="@color/white" />
235-->[:react-native-firebase_messaging] AndroidManifest.xml:42:13-44
236        <meta-data
236-->[:react-native-firebase_app] AndroidManifest.xml:11:9-13:36
237            android:name="app_data_collection_default_enabled"
237-->[:react-native-firebase_app] AndroidManifest.xml:12:13-63
238            android:value="true" />
238-->[:react-native-firebase_app] AndroidManifest.xml:13:13-33
239
240        <service
240-->[:react-native-firebase_app] AndroidManifest.xml:15:9-23:19
241            android:name="com.google.firebase.components.ComponentDiscoveryService"
241-->[:react-native-firebase_app] AndroidManifest.xml:16:13-84
242            android:directBootAware="true"
242-->[:react-native-firebase_app] AndroidManifest.xml:17:13-43
243            android:exported="false" >
243-->[:react-native-firebase_app] AndroidManifest.xml:18:13-37
244            <meta-data
244-->[:react-native-firebase_app] AndroidManifest.xml:20:13-22:85
245                android:name="com.google.firebase.components:io.invertase.firebase.app.ReactNativeFirebaseAppRegistrar"
245-->[:react-native-firebase_app] AndroidManifest.xml:21:17-120
246                android:value="com.google.firebase.components.ComponentRegistrar" />
246-->[:react-native-firebase_app] AndroidManifest.xml:22:17-82
247            <meta-data
247-->[com.google.firebase:firebase-firestore:25.1.2] AndroidManifest.xml:17:13-19:85
248                android:name="com.google.firebase.components:com.google.firebase.firestore.FirebaseFirestoreKtxRegistrar"
248-->[com.google.firebase:firebase-firestore:25.1.2] AndroidManifest.xml:18:17-122
249                android:value="com.google.firebase.components.ComponentRegistrar" />
249-->[com.google.firebase:firebase-firestore:25.1.2] AndroidManifest.xml:19:17-82
250            <meta-data
250-->[com.google.firebase:firebase-firestore:25.1.2] AndroidManifest.xml:20:13-22:85
251                android:name="com.google.firebase.components:com.google.firebase.firestore.FirestoreRegistrar"
251-->[com.google.firebase:firebase-firestore:25.1.2] AndroidManifest.xml:21:17-111
252                android:value="com.google.firebase.components.ComponentRegistrar" />
252-->[com.google.firebase:firebase-firestore:25.1.2] AndroidManifest.xml:22:17-82
253            <meta-data
253-->[com.google.firebase:firebase-messaging:24.1.0] AndroidManifest.xml:57:13-59:85
254                android:name="com.google.firebase.components:com.google.firebase.messaging.FirebaseMessagingKtxRegistrar"
254-->[com.google.firebase:firebase-messaging:24.1.0] AndroidManifest.xml:58:17-122
255                android:value="com.google.firebase.components.ComponentRegistrar" />
255-->[com.google.firebase:firebase-messaging:24.1.0] AndroidManifest.xml:59:17-82
256            <meta-data
256-->[com.google.firebase:firebase-messaging:24.1.0] AndroidManifest.xml:60:13-62:85
257                android:name="com.google.firebase.components:com.google.firebase.messaging.FirebaseMessagingRegistrar"
257-->[com.google.firebase:firebase-messaging:24.1.0] AndroidManifest.xml:61:17-119
258                android:value="com.google.firebase.components.ComponentRegistrar" />
258-->[com.google.firebase:firebase-messaging:24.1.0] AndroidManifest.xml:62:17-82
259            <meta-data
259-->[com.google.firebase:firebase-installations:18.0.0] AndroidManifest.xml:15:13-17:85